#-----------------------------------------------------------
# Vivado v2017.3 (64-bit)
# SW Build 2018833 on Wed Oct  4 19:58:22 MDT 2017
# IP Build 2016188 on Wed Oct  4 21:52:56 MDT 2017
# Start of session at: Fri May 11 20:47:39 2018
# Process ID: 7976
# Current directory: C:/Users/Weronika/Documents/Studia/Semestr IV/Ukady elektroniki cyfrowej 2/gra/projekt
# Command line: vivado.exe -gui_launcher_event rodinguilauncherevent8668 C:\Users\Weronika\Documents\Studia\Semestr IV\Ukady elektroniki cyfrowej 2\gra\projekt\projekt.xpr
# Log file: C:/Users/Weronika/Documents/Studia/Semestr IV/Ukady elektroniki cyfrowej 2/gra/projekt/vivado.log
# Journal file: C:/Users/Weronika/Documents/Studia/Semestr IV/Ukady elektroniki cyfrowej 2/gra/projekt\vivado.jou
#-----------------------------------------------------------
start_gui
open_project {C:/Users/Weronika/Documents/Studia/Semestr IV/Ukady elektroniki cyfrowej 2/gra/projekt/projekt.xpr}
INFO: [ProjectBase 1-489] The host OS only allows 260 characters in a normal path. The project is stored in a path with more than 80 characters. If you experience issues with IP, Block Designs, or files not being found, please consider moving the project to a location with a shorter path. Alternately consider using the OS subst command to map part of the path to a drive letter.
Current project path is 'C:/Users/Weronika/Documents/Studia/Semestr IV/Ukady elektroniki cyfrowej 2/gra/projekt'
Scanning sources...
Finished scanning sources
INFO: [IP_Flow 19-234] Refreshing IP repositories
INFO: [IP_Flow 19-1704] No user IP repositories specified
INFO: [IP_Flow 19-2313] Loaded Vivado IP repository 'C:/Xilinx/Vivado/2017.3/data/ip'.
open_project: Time (s): cpu = 00:00:20 ; elapsed = 00:00:24 . Memory (MB): peak = 698.914 ; gain = 46.504
update_compile_order -fileset sources_1
archive_project {C:/Users/Weronika/Documents/Studia/Semestr IV/Ukady elektroniki cyfrowej 2/gra/projekt.xpr.zip} -temp_dir {C:/Users/Weronika/Documents/Studia/Semestr IV/Ukady elektroniki cyfrowej 2/gra/projekt/.Xil/Vivado-7976-LAPTOP-N7HI4IMG} -force -exclude_run_results -include_local_ip_cache
INFO: [Coretcl 2-137] starting archive...
INFO: [Coretcl 2-1499] Saving project copy to temporary location 'C:/Users/Weronika/Documents/Studia/Semestr IV/Ukady elektroniki cyfrowej 2/gra/projekt/.Xil/Vivado-7976-LAPTOP-N7HI4IMG' for archiving project
INFO: [ProjectBase 1-489] The host OS only allows 260 characters in a normal path. The project is stored in a path with more than 80 characters. If you experience issues with IP, Block Designs, or files not being found, please consider moving the project to a location with a shorter path. Alternately consider using the OS subst command to map part of the path to a drive letter.
Current project path is 'C:/Users/Weronika/Documents/Studia/Semestr IV/Ukady elektroniki cyfrowej 2/gra/projekt'
Scanning sources...
Finished scanning sources
INFO: [IP_Flow 19-234] Refreshing IP repositories
INFO: [IP_Flow 19-1704] No user IP repositories specified
INFO: [IP_Flow 19-2313] Loaded Vivado IP repository 'C:/Xilinx/Vivado/2017.3/data/ip'.
INFO: [Coretcl 2-1211] Creating project copy for archival...
INFO: [ProjectBase 1-495] The host OS only allows 260 characters in a normal path. The project is stored in a path with more than 80 characters. If you experience any problem with archiving the project, please consider setting environment variable $TEMP to a shorter path.
Current project path is 'C:/Users/Weronika/Documents/Studia/Semestr IV/Ukady elektroniki cyfrowej 2/gra/projekt/.Xil/Vivado-7976-LAPTOP-N7HI4IMG/PrjAr/_X_'.
INFO: [Coretcl 2-135] resetting runs for excluding generated files from archive...
WARNING: [Coretcl 2-105] Run 'synth_1' is currently active
INFO: [Coretcl 2-133] re-setting run 'synth_1'...
INFO: [Coretcl 2-133] re-setting run 'impl_1'...
INFO: [Coretcl 2-1212] Importing remotely added design sources and verilog include files (if any)...
INFO: [filemgmt 20-334] All file(s) are already imported in fileset: 'constrs_1'
INFO: [filemgmt 20-348] Importing the appropriate files for fileset: 'constrs_1'
INFO: [filemgmt 20-334] All file(s) are already imported in fileset: 'sim_1'
INFO: [filemgmt 20-348] Importing the appropriate files for fileset: 'sim_1'
INFO: [filemgmt 20-348] Importing the appropriate files for fileset: 'sources_1'
